TN:
SF:src\components\common\Button\Button.tsx
FN:10,(anonymous_2)
FNF:1
FNH:1
FNDA:11,(anonymous_2)
DA:2,2
DA:10,11
DA:12,11
DA:14,11
DA:21,2
LF:5
LH:5
BRDA:10,0,0,7
BRDA:12,1,0,4
BRDA:12,1,1,7
BRF:3
BRH:3
end_of_record
TN:
SF:src\pages\Home\Home.tsx
FN:14,(anonymous_1)
FN:41,(anonymous_2)
FN:63,(anonymous_3)
FNF:3
FNH:3
FNDA:3,(anonymous_1)
FNDA:15,(anonymous_2)
FNDA:21,(anonymous_3)
DA:2,1
DA:3,1
DA:4,1
DA:14,1
DA:15,3
DA:42,15
DA:64,21
DA:82,1
LF:8
LH:8
BRDA:43,0,0,15
BRDA:43,0,1,15
BRDA:65,1,0,6
BRDA:65,1,1,15
BRF:4
BRH:4
end_of_record
